<?xml version="1.0" encoding="UTF-8"?>
<testng-results skipped="0" failed="0" total="1" passed="1">
  <reporter-output>
  </reporter-output>
  <suite name="Portal Tomcat Tests" duration-ms="20569" started-at="2016-02-24T13:04:10Z" finished-at="2016-02-24T13:04:31Z">
    <groups>
    </groups>
    <test name="TestBaseSetup" duration-ms="20569" started-at="2016-02-24T13:04:10Z" finished-at="2016-02-24T13:04:31Z">
      <class name="com.custman.common.tests.BasePageTest">
        <test-method status="PASS" signature="initializeTestBaseSetup(java.lang.String, java.lang.String)[pri:0, instance:com.custman.common.tests.BasePageTest@6e8dacdf]" name="initializeTestBaseSetup" is-config="true" duration-ms="17311" started-at="2016-02-24T23:04:10Z" finished-at="2016-02-24T23:04:28Z">
          <params>
            <param index="0">
              <value>
                <![CDATA[firefox]]>
              </value>
            </param>
            <param index="1">
              <value>
                <![CDATA[http://ws-tomcat-test.custman.com.au:8082/]]>
              </value>
            </param>
          </params>
          <reporter-output>
          </reporter-output>
        </test-method> <!-- initializeTestBaseSetup -->
        <test-method status="PASS" signature="setUp()[pri:0, instance:com.custman.common.tests.BasePageTest@6e8dacdf]" name="setUp" is-config="true" duration-ms="0" started-at="2016-02-24T23:04:28Z" finished-at="2016-02-24T23:04:28Z">
          <reporter-output>
          </reporter-output>
        </test-method> <!-- setUp -->
        <test-method status="PASS" signature="verifyHomePage()[pri:0, instance:com.custman.common.tests.BasePageTest@6e8dacdf]" name="verifyHomePage" duration-ms="321" started-at="2016-02-24T23:04:28Z" finished-at="2016-02-24T23:04:28Z">
          <reporter-output>
          </reporter-output>
        </test-method> <!-- verifyHomePage -->
        <test-method status="PASS" signature="tearDown()[pri:0, instance:com.custman.common.tests.BasePageTest@6e8dacdf]" name="tearDown" is-config="true" duration-ms="2908" started-at="2016-02-24T23:04:28Z" finished-at="2016-02-24T23:04:31Z">
          <reporter-output>
          </reporter-output>
        </test-method> <!-- tearDown -->
      </class> <!-- com.custman.common.tests.BasePageTest -->
    </test> <!-- TestBaseSetup -->
  </suite> <!-- Portal Tomcat Tests -->
</testng-results>
