<?xml version="1.0" encoding="UTF-8"?>
<testng-results skipped="0" failed="0" total="1" passed="1">
  <reporter-output>
  </reporter-output>
  <suite name="Portal Tomcat Tests" duration-ms="14577" started-at="2016-03-21T12:08:36Z" finished-at="2016-03-21T12:08:50Z">
    <groups>
    </groups>
    <test name="TestBaseSetup" duration-ms="14577" started-at="2016-03-21T12:08:36Z" finished-at="2016-03-21T12:08:50Z">
      <class name="com.custman.common.tests.BasePageTest">
        <test-method status="PASS" signature="initializeTestBaseSetup(java.lang.String, java.lang.String)[pri:0, instance:com.custman.common.tests.BasePageTest@6e8dacdf]" name="initializeTestBaseSetup" is-config="true" duration-ms="13136" started-at="2016-03-21T22:08:36Z" finished-at="2016-03-21T22:08:49Z">
          <params>
            <param index="0">
              <value>
                <![CDATA[firefox]]>
              </value>
            </param>
            <param index="1">
              <value>
                <![CDATA[https://ws-tomcat-test.custman.com.au:8443/home]]>
              </value>
            </param>
          </params>
          <reporter-output>
          </reporter-output>
        </test-method> <!-- initializeTestBaseSetup -->
        <test-method status="PASS" signature="setUp()[pri:0, instance:com.custman.common.tests.BasePageTest@6e8dacdf]" name="setUp" is-config="true" duration-ms="0" started-at="2016-03-21T22:08:49Z" finished-at="2016-03-21T22:08:49Z">
          <reporter-output>
          </reporter-output>
        </test-method> <!-- setUp -->
        <test-method status="PASS" signature="verifyHomePage()[pri:0, instance:com.custman.common.tests.BasePageTest@6e8dacdf]" name="verifyHomePage" duration-ms="300" started-at="2016-03-21T22:08:49Z" finished-at="2016-03-21T22:08:49Z">
          <reporter-output>
          </reporter-output>
        </test-method> <!-- verifyHomePage -->
        <test-method status="PASS" signature="tearDown()[pri:0, instance:com.custman.common.tests.BasePageTest@6e8dacdf]" name="tearDown" is-config="true" duration-ms="1117" started-at="2016-03-21T22:08:49Z" finished-at="2016-03-21T22:08:50Z">
          <reporter-output>
          </reporter-output>
        </test-method> <!-- tearDown -->
      </class> <!-- com.custman.common.tests.BasePageTest -->
    </test> <!-- TestBaseSetup -->
  </suite> <!-- Portal Tomcat Tests -->
</testng-results>
